<?xml version="1.0" encoding="UTF-8"?>
<!-- Generated by org.testng.reporters.JUnitXMLReporter -->
<testsuite ignored="0" hostname="Ajay-Laptop" failures="1" tests="1" name="Test" time="11.797" errors="0" timestamp="2024-07-04T15:35:45 IST">
  <testcase classname="IntimeTestCases.loginTest" name="login" time="5.432">
    <failure type="java.io.IOException" message="The filename, directory name, or volume label syntax is incorrect">
      <![CDATA[java.io.IOException: The filename, directory name, or volume label syntax is incorrect
at java.base/java.io.WinNTFileSystem.canonicalize0(Native Method)
at java.base/java.io.WinNTFileSystem.canonicalize(WinNTFileSystem.java:462)
at java.base/java.io.File.getCanonicalPath(File.java:626)
at org.apache.commons.io.FileUtils.requireCanonicalPathsNotEquals(FileUtils.java:2702)
at org.apache.commons.io.FileUtils.copyFile(FileUtils.java:801)
at org.apache.commons.io.FileUtils.copyFile(FileUtils.java:834)
at org.apache.commons.io.FileUtils.copyFile(FileUtils.java:742)
at IntimeTestCases.printScreen.takeprintScreen(printScreen.java:18)
at IntimeTestCases.loginTest.login(loginTest.java:14)
at java.base/java.util.ArrayList.forEach(ArrayList.java:1511)
... Removed 27 stack frames]]>
    </failure>
  </testcase> <!-- login -->
</testsuite> <!-- Test -->
