<?xml version="1.0" encoding="UTF-8"?>
<testng-results ignored="0" total="1" passed="1" failed="0" skipped="0">
  <reporter-output>
  </reporter-output>
  <suite started-at="2024-07-04T16:01:17 IST" name="Suite" finished-at="2024-07-04T16:01:26 IST" duration-ms="8753">
    <groups>
    </groups>
    <test started-at="2024-07-04T16:01:17 IST" name="Test" finished-at="2024-07-04T16:01:26 IST" duration-ms="8753">
      <class name="IntimeTestCases.loginTest">
        <test-method is-config="true" signature="launchBrowser()[pri:0, instance:IntimeTestCases.loginTest@794cb805]" started-at="2024-07-04T16:01:17 IST" name="launchBrowser" finished-at="2024-07-04T16:01:21 IST" duration-ms="3039" status="PASS">
          <reporter-output>
          </reporter-output>
        </test-method> <!-- launchBrowser -->
        <test-method signature="login()[pri:0, instance:IntimeTestCases.loginTest@794cb805]" started-at="2024-07-04T16:01:21 IST" name="login" finished-at="2024-07-04T16:01:26 IST" duration-ms="5580" status="PASS">
          <reporter-output>
          </reporter-output>
        </test-method> <!-- login -->
        <test-method is-config="true" signature="closeBrowser()[pri:0, instance:IntimeTestCases.loginTest@794cb805]" started-at="2024-07-04T16:01:26 IST" name="closeBrowser" finished-at="2024-07-04T16:01:26 IST" duration-ms="91" status="PASS">
          <reporter-output>
          </reporter-output>
        </test-method> <!-- closeBrowser -->
      </class> <!-- IntimeTestCases.loginTest -->
    </test> <!-- Test -->
  </suite> <!-- Suite -->
</testng-results>
