<?xml version="1.0" encoding="UTF-8"?>
<testng-results ignored="0" total="1" passed="1" failed="0" skipped="0">
  <reporter-output>
  </reporter-output>
  <suite started-at="2024-07-03T18:49:17 IST" name="Default suite" finished-at="2024-07-03T18:49:22 IST" duration-ms="4971">
    <groups>
    </groups>
    <test started-at="2024-07-03T18:49:17 IST" name="Default test" finished-at="2024-07-03T18:49:22 IST" duration-ms="4971">
      <class name="IntimeTestCases.loginTest">
        <test-method is-config="true" signature="launchBrowser()[pri:0, instance:IntimeTestCases.loginTest@306e95ec]" started-at="2024-07-03T18:49:17 IST" name="launchBrowser" finished-at="2024-07-03T18:49:21 IST" duration-ms="3653" status="PASS">
          <reporter-output>
          </reporter-output>
        </test-method> <!-- launchBrowser -->
        <test-method signature="login()[pri:0, instance:IntimeTestCases.loginTest@306e95ec]" started-at="2024-07-03T18:49:21 IST" name="login" finished-at="2024-07-03T18:49:22 IST" duration-ms="1158" status="PASS">
          <reporter-output>
          </reporter-output>
        </test-method> <!-- login -->
        <test-method is-config="true" signature="closeBrowser()[pri:0, instance:IntimeTestCases.loginTest@306e95ec]" started-at="2024-07-03T18:49:22 IST" name="closeBrowser" finished-at="2024-07-03T18:49:22 IST" duration-ms="114" status="PASS">
          <reporter-output>
          </reporter-output>
        </test-method> <!-- closeBrowser -->
      </class> <!-- IntimeTestCases.loginTest -->
    </test> <!-- Default test -->
  </suite> <!-- Default suite -->
</testng-results>
