<?xml version="1.0" encoding="UTF-8"?>
<testng-results ignored="0" total="1" passed="1" failed="0" skipped="0">
  <reporter-output>
  </reporter-output>
  <suite started-at="2024-07-04T15:36:57 IST" name="Default suite" finished-at="2024-07-04T15:37:06 IST" duration-ms="8394">
    <groups>
    </groups>
    <test started-at="2024-07-04T15:36:57 IST" name="Default test" finished-at="2024-07-04T15:37:06 IST" duration-ms="8394">
      <class name="IntimeTestCases.loginTest">
        <test-method is-config="true" signature="launchBrowser()[pri:0, instance:IntimeTestCases.loginTest@306e95ec]" started-at="2024-07-04T15:36:57 IST" name="launchBrowser" finished-at="2024-07-04T15:37:00 IST" duration-ms="2702" status="PASS">
          <reporter-output>
          </reporter-output>
        </test-method> <!-- launchBrowser -->
        <test-method signature="login()[pri:0, instance:IntimeTestCases.loginTest@306e95ec]" started-at="2024-07-04T15:37:00 IST" name="login" finished-at="2024-07-04T15:37:06 IST" duration-ms="5538" status="PASS">
          <reporter-output>
          </reporter-output>
        </test-method> <!-- login -->
        <test-method is-config="true" signature="closeBrowser()[pri:0, instance:IntimeTestCases.loginTest@306e95ec]" started-at="2024-07-04T15:37:06 IST" name="closeBrowser" finished-at="2024-07-04T15:37:06 IST" duration-ms="121" status="PASS">
          <reporter-output>
          </reporter-output>
        </test-method> <!-- closeBrowser -->
      </class> <!-- IntimeTestCases.loginTest -->
    </test> <!-- Default test -->
  </suite> <!-- Default suite -->
</testng-results>
